<?xml version="1.0" encoding="UTF-8"?>
<!-- Generated by org.testng.reporters.JUnitXMLReporter -->
<testsuite ignored="0" hostname="DESKTOP-N4D8I24" failures="0" tests="3" name="chromeTest" time="11.725" errors="0" timestamp="2023-06-18T08:29:19 IST">
  <testcase classname="testcase.TC_002_LoginTest" name="test_login" time="1.162"/>
  <testcase classname="testcase.TC_003_LoginDataDrivenTest" name="test_LoginDDT" time="1.126"/>
  <testcase classname="testcase.TC_003_LoginDataDrivenTest" name="test_LoginDDT" time="0.876"/>
</testsuite> <!-- chromeTest -->
