<?xml version="1.0" encoding="UTF-8"?>
<!-- Generated by org.testng.reporters.JUnitXMLReporter -->
<testsuite ignored="0" hostname="DESKTOP-N4D8I24" failures="0" tests="3" name="chromeTest" time="11.919" errors="0" timestamp="2023-06-18T09:38:09 IST">
  <testcase classname="testcase.TC_002_LoginTest" name="test_login" time="1.146"/>
  <testcase classname="testcase.TC_003_LoginDataDrivenTest" name="test_LoginDDT" time="1.137"/>
  <testcase classname="testcase.TC_003_LoginDataDrivenTest" name="test_LoginDDT" time="1.143"/>
</testsuite> <!-- chromeTest -->
