<?xml version="1.0" encoding="UTF-8"?>
<testng-results ignored="0" total="3" passed="3" failed="0" skipped="0">
  <reporter-output>
  </reporter-output>
  <suite started-at="2023-06-18T09:37:57 IST" name="Suite" finished-at="2023-06-18T09:38:09 IST" duration-ms="11919">
    <groups>
    </groups>
    <test started-at="2023-06-18T09:37:57 IST" name="chromeTest" finished-at="2023-06-18T09:38:09 IST" duration-ms="11919">
      <class name="testcase.TC_003_LoginDataDrivenTest">
        <test-method is-config="true" signature="setup(java.lang.String)[pri:0, instance:testcase.TC_003_LoginDataDrivenTest@1de76cc7]" started-at="2023-06-18T09:38:03 IST" name="setup" finished-at="2023-06-18T09:38:06 IST" duration-ms="2629" status="PASS">
          <params>
            <param index="0">
              <value>
                <![CDATA[chrome]]>
              </value>
            </param>
          </params>
          <reporter-output>
          </reporter-output>
        </test-method> <!-- setup -->
        <test-method signature="test_LoginDDT(java.lang.String,java.lang.String,java.lang.String)[pri:0, instance:testcase.TC_003_LoginDataDrivenTest@1de76cc7]" started-at="2023-06-18T09:38:07 IST" name="test_LoginDDT" data-provider="LoginData" finished-at="2023-06-18T09:38:08 IST" duration-ms="1137" status="PASS">
          <params>
            <param index="0">
              <value>
                <![CDATA[apoorva.kt@gmail.com]]>
              </value>
            </param>
            <param index="1">
              <value>
                <![CDATA[test@123]]>
              </value>
            </param>
            <param index="2">
              <value>
                <![CDATA[valid]]>
              </value>
            </param>
          </params>
          <reporter-output>
          </reporter-output>
        </test-method> <!-- test_LoginDDT -->
        <test-method signature="test_LoginDDT(java.lang.String,java.lang.String,java.lang.String)[pri:0, instance:testcase.TC_003_LoginDataDrivenTest@1de76cc7]" started-at="2023-06-18T09:38:08 IST" name="test_LoginDDT" data-provider="LoginData" finished-at="2023-06-18T09:38:09 IST" duration-ms="1143" status="PASS">
          <params>
            <param index="0">
              <value>
                <![CDATA[apoorva.kt@gmailcom]]>
              </value>
            </param>
            <param index="1">
              <value>
                <![CDATA[test@123]]>
              </value>
            </param>
            <param index="2">
              <value>
                <![CDATA[invalid]]>
              </value>
            </param>
          </params>
          <reporter-output>
          </reporter-output>
        </test-method> <!-- test_LoginDDT -->
        <test-method is-config="true" signature="teadDown()[pri:0, instance:testcase.TC_003_LoginDataDrivenTest@1de76cc7]" started-at="2023-06-18T09:38:09 IST" name="teadDown" finished-at="2023-06-18T09:38:09 IST" duration-ms="179" status="PASS">
          <reporter-output>
          </reporter-output>
        </test-method> <!-- teadDown -->
      </class> <!-- testcase.TC_003_LoginDataDrivenTest -->
      <class name="testcase.TC_002_LoginTest">
        <test-method is-config="true" signature="setup(java.lang.String)[pri:0, instance:testcase.TC_002_LoginTest@1b2abca6]" started-at="2023-06-18T09:37:58 IST" name="setup" finished-at="2023-06-18T09:38:02 IST" duration-ms="4175" status="PASS">
          <params>
            <param index="0">
              <value>
                <![CDATA[chrome]]>
              </value>
            </param>
          </params>
          <reporter-output>
          </reporter-output>
        </test-method> <!-- setup -->
        <test-method signature="test_login()[pri:0, instance:testcase.TC_002_LoginTest@1b2abca6]" started-at="2023-06-18T09:38:02 IST" name="test_login" finished-at="2023-06-18T09:38:03 IST" duration-ms="1146" status="PASS">
          <reporter-output>
          </reporter-output>
        </test-method> <!-- test_login -->
        <test-method is-config="true" signature="teadDown()[pri:0, instance:testcase.TC_002_LoginTest@1b2abca6]" started-at="2023-06-18T09:38:03 IST" name="teadDown" finished-at="2023-06-18T09:38:03 IST" duration-ms="199" status="PASS">
          <reporter-output>
          </reporter-output>
        </test-method> <!-- teadDown -->
      </class> <!-- testcase.TC_002_LoginTest -->
    </test> <!-- chromeTest -->
  </suite> <!-- Suite -->
</testng-results>
