<?xml version="1.0" encoding="UTF-8"?>
<testng-results ignored="0" total="3" passed="3" failed="0" skipped="0">
  <reporter-output>
  </reporter-output>
  <suite started-at="2023-06-18T08:29:07 IST" name="Suite" finished-at="2023-06-18T08:29:19 IST" duration-ms="11725">
    <groups>
    </groups>
    <test started-at="2023-06-18T08:29:07 IST" name="chromeTest" finished-at="2023-06-18T08:29:19 IST" duration-ms="11725">
      <class name="testcase.TC_003_LoginDataDrivenTest">
        <test-method is-config="true" signature="setup(java.lang.String)[pri:0, instance:testcase.TC_003_LoginDataDrivenTest@4c1909a3]" started-at="2023-06-18T08:29:14 IST" name="setup" finished-at="2023-06-18T08:29:15 IST" duration-ms="1839" status="PASS">
          <params>
            <param index="0">
              <value>
                <![CDATA[chrome]]>
              </value>
            </param>
          </params>
          <reporter-output>
          </reporter-output>
        </test-method> <!-- setup -->
        <test-method signature="test_LoginDDT(java.lang.String,java.lang.String,java.lang.String)[pri:0, instance:testcase.TC_003_LoginDataDrivenTest@4c1909a3]" started-at="2023-06-18T08:29:17 IST" name="test_LoginDDT" data-provider="LoginData" finished-at="2023-06-18T08:29:18 IST" duration-ms="1126" status="PASS">
          <params>
            <param index="0">
              <value>
                <![CDATA[apoorva.kt@gmail.com]]>
              </value>
            </param>
            <param index="1">
              <value>
                <![CDATA[test@123]]>
              </value>
            </param>
            <param index="2">
              <value>
                <![CDATA[valid]]>
              </value>
            </param>
          </params>
          <reporter-output>
          </reporter-output>
        </test-method> <!-- test_LoginDDT -->
        <test-method signature="test_LoginDDT(java.lang.String,java.lang.String,java.lang.String)[pri:0, instance:testcase.TC_003_LoginDataDrivenTest@4c1909a3]" started-at="2023-06-18T08:29:18 IST" name="test_LoginDDT" data-provider="LoginData" finished-at="2023-06-18T08:29:19 IST" duration-ms="876" status="PASS">
          <params>
            <param index="0">
              <value>
                <![CDATA[apoorva.kt@gmailcom]]>
              </value>
            </param>
            <param index="1">
              <value>
                <![CDATA[test@123]]>
              </value>
            </param>
            <param index="2">
              <value>
                <![CDATA[invalid]]>
              </value>
            </param>
          </params>
          <reporter-output>
          </reporter-output>
        </test-method> <!-- test_LoginDDT -->
        <test-method is-config="true" signature="teadDown()[pri:0, instance:testcase.TC_003_LoginDataDrivenTest@4c1909a3]" started-at="2023-06-18T08:29:19 IST" name="teadDown" finished-at="2023-06-18T08:29:19 IST" duration-ms="186" status="PASS">
          <reporter-output>
          </reporter-output>
        </test-method> <!-- teadDown -->
      </class> <!-- testcase.TC_003_LoginDataDrivenTest -->
      <class name="testcase.TC_002_LoginTest">
        <test-method is-config="true" signature="setup(java.lang.String)[pri:0, instance:testcase.TC_002_LoginTest@47d9a273]" started-at="2023-06-18T08:29:07 IST" name="setup" finished-at="2023-06-18T08:29:12 IST" duration-ms="4606" status="PASS">
          <params>
            <param index="0">
              <value>
                <![CDATA[chrome]]>
              </value>
            </param>
          </params>
          <reporter-output>
          </reporter-output>
        </test-method> <!-- setup -->
        <test-method signature="test_login()[pri:0, instance:testcase.TC_002_LoginTest@47d9a273]" started-at="2023-06-18T08:29:12 IST" name="test_login" finished-at="2023-06-18T08:29:13 IST" duration-ms="1162" status="PASS">
          <reporter-output>
          </reporter-output>
        </test-method> <!-- test_login -->
        <test-method is-config="true" signature="teadDown()[pri:0, instance:testcase.TC_002_LoginTest@47d9a273]" started-at="2023-06-18T08:29:13 IST" name="teadDown" finished-at="2023-06-18T08:29:14 IST" duration-ms="248" status="PASS">
          <reporter-output>
          </reporter-output>
        </test-method> <!-- teadDown -->
      </class> <!-- testcase.TC_002_LoginTest -->
    </test> <!-- chromeTest -->
  </suite> <!-- Suite -->
</testng-results>
